build/app/intermediates/aapt_proguard_file/release/aapt_rules.txt
-keep class androidx.core.app.CoreComponentFactory { <init>(); }
-keep class com.feverTracking.app.MainActivity { <init>(); }
-keep class io.flutter.app.FlutterApplication { <init>(); }