build/app/outputs/mapping/release/seeds.txt
com.feverTracking.app.MainActivity: MainActivity()
com.feverTracking.app.MainActivity
...
io.flutter.embedding.engine.FlutterJNI
io.flutter.view.AccessibilityViewEmbedder: io.flutter.view.AccessibilityViewEmbedder$ReflectionAccessors reflectionAccessors
io.flutter.embedding.android.TransparencyMode: io.flutter.embedding.android.TransparencyMode valueOf(java.lang.String)
io.flutter.embedding.engine.renderer.SurfaceTextureWrapper: SurfaceTextureWrapper(android.graphics.SurfaceTexture)
io.flutter.embedding.engine.mutatorsstack.FlutterMutatorsStack: java.util.List getMutators()
io.flutter.embedding.android.FlutterActivityLaunchConfigs$BackgroundMode: io.flutter.embedding.android.FlutterActivityLaunchConfigs$BackgroundMode valueOf(java.lang.String)
io.flutter.embedding.engine.FlutterJNI: boolean prefetchDefaultFontManagerCalled
io.flutter.embedding.engine.FlutterOverlaySurface
androidx.lifecycle.Lifecycle$State: androidx.lifecycle.Lifecycle$State valueOf(java.lang.String)
androidx.core.graphics.drawable.IconCompatParcelizer: void write(androidx.core.graphics.drawable.IconCompat,androidx.versionedparcelable.VersionedParcel)
io.flutter.embedding.engine.FlutterOverlaySurface: FlutterOverlaySurface(int,android.view.Surface)
io.flutter.embedding.engine.FlutterOverlaySurface: int getId()
io.flutter.plugin.editing.ImeSyncDeferringInsetsCallback: boolean access$200(io.flutter.plugin.editing.ImeSyncDeferringInsetsCallback)
io.flutter.embedding.engine.FlutterJNI: io.flutter.plugin.platform.PlatformViewsController platformViewsController
io.flutter.embedding.engine.FlutterJNI: void nativeSetViewportMetrics(long,float,int,int,int,int,int,int,int,int,int,int,int,int,int,int)
io.flutter.embedding.engine.FlutterJNI: java.lang.Long nativeShellHolderId
io.flutter.embedding.engine.FlutterJNI: java.util.Set flutterUiDisplayListeners
io.flutter.view.AccessibilityViewEmbedder: void setFlutterNodesTranslateBounds(android.view.accessibility.AccessibilityNodeInfo,android.graphics.Rect,android.view.accessibility.AccessibilityNodeInfo)
io.flutter.embedding.engine.FlutterJNI: void nativePrefetchDefaultFontManager()
io.flutter.embedding.engine.FlutterJNI: void nativeInvokePlatformMessageEmptyResponseCallback(long,int)
io.flutter.view.AccessibilityBridge$AccessibilityFeature: io.flutter.view.AccessibilityBridge$AccessibilityFeature[] values()
io.flutter.embedding.engine.FlutterJNI: io.flutter.embedding.engine.FlutterJNI$AccessibilityDelegate accessibilityDelegate
io.flutter.embedding.engine.FlutterJNI: FlutterJNI()
io.flutter.embedding.engine.systemchannels.PlatformChannel$Brightness: io.flutter.embedding.engine.systemchannels.PlatformChannel$Brightness valueOf(java.lang.String)
io.flutter.embedding.engine.FlutterJNI: void nativeSetAccessibilityFeatures(long,int)
io.flutter.embedding.engine.FlutterJNI: void onDisplayPlatformView(int,int,int,int,int,int,int,io.flutter.embedding.engine.mutatorsstack.FlutterMutatorsStack)
io.flutter.embedding.engine.plugins.lifecycle.HiddenLifecycleReference: HiddenLifecycleReference(androidx.lifecycle.Lifecycle)
io.flutter.embedding.engine.FlutterJNI: void prefetchDefaultFontManager()
io.flutter.embedding.engine.FlutterJNI: void init(android.content.Context,java.lang.String[],java.lang.String,java.lang.String,java.lang.String,long)
io.flutter.embedding.engine.mutatorsstack.FlutterMutatorView
io.flutter.plugin.editing.ImeSyncDeferringInsetsCallback: android.view.WindowInsets lastWindowInsets
io.flutter.plugin.editing.ImeSyncDeferringInsetsCallback: boolean access$302(io.flutter.plugin.editing.ImeSyncDeferringInsetsCallback,boolean)
io.flutter.embedding.engine.FlutterJNI: void addEngineLifecycleListener(io.flutter.embedding.engine.FlutterEngine$EngineLifecycleListener)
io.flutter.plugin.editing.ImeSyncDeferringInsetsCallback$AnimationCallback: ImeSyncDeferringInsetsCallback$AnimationCallback(io.flutter.plugin.editing.ImeSyncDeferringInsetsCallback)
androidx.lifecycle.Lifecycle$Event: androidx.lifecycle.Lifecycle$Event[] $VALUES