build/app/outputs/mapping/release/mapping.txt
# compiler: R8
# compiler_version: 2.0.88
# min_api: 21
# pg_map_id: f411340
# common_typos_disable
...
io.flutter.embedding.engine.dart.DartExecutor$DartEntrypoint -> io.flutter.embedding.engine.e.a$b:
    java.lang.String pathToBundle -> a
    java.lang.String dartEntrypointFunctionName -> c
    java.lang.String dartEntrypointLibrary -> b
io.flutter.embedding.engine.dart.DartExecutor$DefaultBinaryMessenger -> io.flutter.embedding.engine.e.a$c:
    io.flutter.embedding.engine.dart.DartMessenger messenger -> a
    void send(java.lang.String,java.nio.ByteBuffer,io.flutter.plugin.common.BinaryMessenger$BinaryReply) -> b
    void setMessageHandler(java.lang.String,io.flutter.plugin.common.BinaryMessenger$BinaryMessageHandler) -> d
io.flutter.embedding.engine.dart.DartExecutor$IsolateServiceIdListener -> io.flutter.embedding.engine.e.a$d:
    void onIsolateServiceIdAvailable(java.lang.String) -> a
io.flutter.embedding.engine.dart.DartMessenger -> io.flutter.embedding.engine.e.b:
    io.flutter.embedding.engine.FlutterJNI flutterJNI -> a
    java.util.Map messageHandlers -> b
    java.util.Map pendingReplies -> c
    int nextReplyId -> d
    void handlePlatformMessageResponse(int,byte[]) -> a
    void send(java.lang.String,java.nio.ByteBuffer,io.flutter.plugin.common.BinaryMessenger$BinaryReply) -> b
    void handleMessageFromDart(java.lang.String,byte[],int) -> c
    void setMessageHandler(java.lang.String,io.flutter.plugin.common.BinaryMessenger$BinaryMessageHandler) -> d
    void handleError(java.lang.Error) -> e
io.flutter.embedding.engine.dart.DartMessenger$Reply -> io.flutter.embedding.engine.e.b$a:
    io.flutter.embedding.engine.FlutterJNI flutterJNI -> a
    java.util.concurrent.atomic.AtomicBoolean done -> c
    int replyId -> b
    void reply(java.nio.ByteBuffer) -> a
io.flutter.embedding.engine.dart.PlatformMessageHandler -> io.flutter.embedding.engine.e.c:
    void handlePlatformMessageResponse(int,byte[]) -> a
    void handleMessageFromDart(java.lang.String,byte[],int) -> c
io.flutter.embedding.engine.deferredcomponents.DeferredComponentManager -> io.flutter.embedding.engine.f.a:
    void destroy() -> a
    void setJNI(io.flutter.embedding.engine.FlutterJNI) -> b
    java.lang.String getDeferredComponentInstallState(int,java.lang.String) -> c
    void installDeferredComponent(int,java.lang.String) -> d
    void setDeferredComponentChannel(io.flutter.embedding.engine.systemchannels.DeferredComponentChannel) -> e
    boolean uninstallDeferredComponent(int,java.lang.String) -> f
io.flutter.embedding.engine.loader.ApplicationInfoLoader -> io.flutter.embedding.engine.g.a:
    java.lang.String PUBLIC_AOT_SHARED_LIBRARY_NAME -> a
    java.lang.String PUBLIC_ISOLATE_SNAPSHOT_DATA_KEY -> c
    java.lang.String PUBLIC_VM_SNAPSHOT_DATA_KEY -> b
    java.lang.String PUBLIC_FLUTTER_ASSETS_DIR_KEY -> d
    android.content.pm.ApplicationInfo getApplicationInfo(android.content.Context) -> a
    java.lang.String getNetworkPolicy(android.content.pm.ApplicationInfo,android.content.Context) -> b
    java.lang.String getString(android.os.Bundle,java.lang.String) -> c
    io.flutter.embedding.engine.loader.FlutterApplicationInfo load(android.content.Context) -> d
    void parseDomain(android.content.res.XmlResourceParser,org.json.JSONArray,boolean) -> e
    void parseDomainConfig(android.content.res.XmlResourceParser,org.json.JSONArray,boolean) -> f
    void skipTag(android.content.res.XmlResourceParser) -> g
io.flutter.embedding.engine.loader.FlutterApplicationInfo -> io.flutter.embedding.engine.g.b:
    boolean clearTextPermitted -> e
    java.lang.String aotSharedLibraryName -> a
    java.lang.String domainNetworkPolicy -> c
    java.lang.String flutterAssetsDir -> b
    java.lang.String nativeLibraryDir -> d